AutoDock Vina v1.2.5
#################################################################
# If you used AutoDock Vina in your work, please cite:          #
#                                                               #
# J. Eberhardt, D. Santos-Martins, A. F. Tillack, and S. Forli  #
# AutoDock Vina 1.2.0: New Docking Methods, Expanded Force      #
# Field, and Python Bindings, J. Chem. Inf. Model. (2021)       #
# DOI 10.1021/acs.jcim.1c00203                                  #
#                                                               #
# O. Trott, A. J. Olson,                                        #
# AutoDock Vina: improving the speed and accuracy of docking    #
# with a new scoring function, efficient optimization and       #
# multithreading, J. Comp. Chem. (2010)                         #
# DOI 10.1002/jcc.21334                                         #
#                                                               #
# Please see https://github.com/ccsb-scripps/AutoDock-Vina for  #
# more information.                                             #
#################################################################

Scoring function : vina
Rigid receptor: /content/Captopril_1O86/DOCKING/1O86_prot_A.pdbqt
Ligand: /content/Captopril_1O86/DOCKING/SIM/SIM.pdbqt
Grid center: X 40.553 Y 32.798 Z 47.286
Grid size  : X 11.264 Y 20.096 Z 23.73
Grid space : 0.375
Exhaustiveness: 16
CPU: 2
Verbosity: 2

Computing Vina grid ... done.
Performing docking (random seed: 314262675) ... 
0%   10   20   30   40   50   60   70   80   90   100%
|----|----|----|----|----|----|----|----|----|----|
***************************************************
done.
ENERGY FROM SEARCH: -7.62237
FINAL ENERGY: 
Estimated Free Energy of Binding   : -5.566 (kcal/mol) [=(1)+(2)+(3)-(4)]
(1) Final Intermolecular Energy    : -7.193 (kcal/mol)
    Ligand - Receptor              : -7.193 (kcal/mol)
    Ligand - Flex side chains      : 0.000 (kcal/mol)
(2) Final Total Internal Energy    : -0.429 (kcal/mol)
    Ligand                         : -0.429 (kcal/mol)
    Flex   - Receptor              : 0.000 (kcal/mol)
    Flex   - Flex side chains      : 0.000 (kcal/mol)
(3) Torsional Free Energy          : 1.627 (kcal/mol)
(4) Unbound System's Energy        : -0.429 (kcal/mol)
ENERGY FROM SEARCH: -7.333
FINAL ENERGY: 
Estimated Free Energy of Binding   : -5.343 (kcal/mol) [=(1)+(2)+(3)-(4)]
(1) Final Intermolecular Energy    : -6.827 (kcal/mol)
    Ligand - Receptor              : -6.827 (kcal/mol)
    Ligand - Flex side chains      : 0.000 (kcal/mol)
(2) Final Total Internal Energy    : -0.506 (kcal/mol)
    Ligand                         : -0.506 (kcal/mol)
    Flex   - Receptor              : 0.000 (kcal/mol)
    Flex   - Flex side chains      : 0.000 (kcal/mol)
(3) Torsional Free Energy          : 1.562 (kcal/mol)
(4) Unbound System's Energy        : -0.429 (kcal/mol)
ENERGY FROM SEARCH: -7.316
FINAL ENERGY: 
Estimated Free Energy of Binding   : -5.329 (kcal/mol) [=(1)+(2)+(3)-(4)]
(1) Final Intermolecular Energy    : -6.854 (kcal/mol)
    Ligand - Receptor              : -6.854 (kcal/mol)
    Ligand - Flex side chains      : 0.000 (kcal/mol)
(2) Final Total Internal Energy    : -0.462 (kcal/mol)
    Ligand                         : -0.462 (kcal/mol)
    Flex   - Receptor              : 0.000 (kcal/mol)
    Flex   - Flex side chains      : 0.000 (kcal/mol)
(3) Torsional Free Energy          : 1.558 (kcal/mol)
(4) Unbound System's Energy        : -0.429 (kcal/mol)
ENERGY FROM SEARCH: -7.288
FINAL ENERGY: 
Estimated Free Energy of Binding   : -5.307 (kcal/mol) [=(1)+(2)+(3)-(4)]
(1) Final Intermolecular Energy    : -6.860 (kcal/mol)
    Ligand - Receptor              : -6.860 (kcal/mol)
    Ligand - Flex side chains      : 0.000 (kcal/mol)
(2) Final Total Internal Energy    : -0.428 (kcal/mol)
    Ligand                         : -0.428 (kcal/mol)
    Flex   - Receptor              : 0.000 (kcal/mol)
    Flex   - Flex side chains      : 0.000 (kcal/mol)
(3) Torsional Free Energy          : 1.551 (kcal/mol)
(4) Unbound System's Energy        : -0.429 (kcal/mol)
ENERGY FROM SEARCH: -7.275
FINAL ENERGY: 
Estimated Free Energy of Binding   : -5.298 (kcal/mol) [=(1)+(2)+(3)-(4)]
(1) Final Intermolecular Energy    : -6.832 (kcal/mol)
    Ligand - Receptor              : -6.832 (kcal/mol)
    Ligand - Flex side chains      : 0.000 (kcal/mol)
(2) Final Total Internal Energy    : -0.443 (kcal/mol)
    Ligand                         : -0.443 (kcal/mol)
    Flex   - Receptor              : 0.000 (kcal/mol)
    Flex   - Flex side chains      : 0.000 (kcal/mol)
(3) Torsional Free Energy          : 1.548 (kcal/mol)
(4) Unbound System's Energy        : -0.429 (kcal/mol)
ENERGY FROM SEARCH: -7.197
FINAL ENERGY: 
Estimated Free Energy of Binding   : -5.238 (kcal/mol) [=(1)+(2)+(3)-(4)]
(1) Final Intermolecular Energy    : -6.704 (kcal/mol)
    Ligand - Receptor              : -6.704 (kcal/mol)
    Ligand - Flex side chains      : 0.000 (kcal/mol)
(2) Final Total Internal Energy    : -0.494 (kcal/mol)
    Ligand                         : -0.494 (kcal/mol)
    Flex   - Receptor              : 0.000 (kcal/mol)
    Flex   - Flex side chains      : 0.000 (kcal/mol)
(3) Torsional Free Energy          : 1.531 (kcal/mol)
(4) Unbound System's Energy        : -0.429 (kcal/mol)
ENERGY FROM SEARCH: -7.164
FINAL ENERGY: 
Estimated Free Energy of Binding   : -5.211 (kcal/mol) [=(1)+(2)+(3)-(4)]
(1) Final Intermolecular Energy    : -6.767 (kcal/mol)
    Ligand - Receptor              : -6.767 (kcal/mol)
    Ligand - Flex side chains      : 0.000 (kcal/mol)
(2) Final Total Internal Energy    : -0.397 (kcal/mol)
    Ligand                         : -0.397 (kcal/mol)
    Flex   - Receptor              : 0.000 (kcal/mol)
    Flex   - Flex side chains      : 0.000 (kcal/mol)
(3) Torsional Free Energy          : 1.523 (kcal/mol)
(4) Unbound System's Energy        : -0.429 (kcal/mol)
ENERGY FROM SEARCH: -7.127
FINAL ENERGY: 
Estimated Free Energy of Binding   : -5.183 (kcal/mol) [=(1)+(2)+(3)-(4)]
(1) Final Intermolecular Energy    : -6.753 (kcal/mol)
    Ligand - Receptor              : -6.753 (kcal/mol)
    Ligand - Flex side chains      : 0.000 (kcal/mol)
(2) Final Total Internal Energy    : -0.374 (kcal/mol)
    Ligand                         : -0.374 (kcal/mol)
    Flex   - Receptor              : 0.000 (kcal/mol)
    Flex   - Flex side chains      : 0.000 (kcal/mol)
(3) Torsional Free Energy          : 1.515 (kcal/mol)
(4) Unbound System's Energy        : -0.429 (kcal/mol)
ENERGY FROM SEARCH: -7.041
FINAL ENERGY: 
Estimated Free Energy of Binding   : -5.116 (kcal/mol) [=(1)+(2)+(3)-(4)]
(1) Final Intermolecular Energy    : -6.697 (kcal/mol)
    Ligand - Receptor              : -6.697 (kcal/mol)
    Ligand - Flex side chains      : 0.000 (kcal/mol)
(2) Final Total Internal Energy    : -0.344 (kcal/mol)
    Ligand                         : -0.344 (kcal/mol)
    Flex   - Receptor              : 0.000 (kcal/mol)
    Flex   - Flex side chains      : 0.000 (kcal/mol)
(3) Torsional Free Energy          : 1.496 (kcal/mol)
(4) Unbound System's Energy        : -0.429 (kcal/mol)

mode |   affinity | dist from best mode
     | (kcal/mol) | rmsd l.b.| rmsd u.b.
-----+------------+----------+----------
   1      -5.5663     0.0000     0.0000
   2      -5.3426     7.6198     9.4857
   3      -5.3294     9.1248    10.2803
   4      -5.3072     1.3792     1.8232
   5      -5.2975     7.9279     9.3303
   6      -5.2375     7.6918     9.1431
   7      -5.2113     6.7917     8.5443
   8      -5.1827     7.4517     9.3313
   9      -5.1165     8.4136     9.6141
